build/app/outputs/mapping/release/seeds.txt
pk.pizzaburgerco.MainActivity
pk.pizzaburgerco.MainActivity: MainActivity()
...
com.pichillilorenzo.flutter_inappwebview_android.types.JsBeforeUnloadResponse: java.lang.Integer action
com.pichillilorenzo.flutter_inappwebview_android.R$drawable: int abc_btn_switch_to_on_mtrl_00012
com.pichillilorenzo.flutter_inappwebview_android.R$layout: int abc_list_menu_item_radio
com.pichillilorenzo.flutter_inappwebview_android.R$attr: int spinnerStyle
com.dexterous.flutterlocalnotifications.models.NotificationDetails: com.dexterous.flutterlocalnotifications.models.DateTimeComponents matchDateTimeComponents
com.pichillilorenzo.flutter_inappwebview_android.R$styleable: int AppCompatTextView_drawableBottomCompat
com.pichillilorenzo.flutter_inappwebview_android.R$drawable: int ic_call_answer_low
com.dexterous.flutterlocalnotifications.models.NotificationDetails: java.lang.String ICON
com.pichillilorenzo.flutter_inappwebview_android.R$style: int Widget_AppCompat_EditText
com.pichillilorenzo.flutter_inappwebview_android.R$drawable: int abc_scrubber_control_to_pressed_mtrl_000
com.pichillilorenzo.flutter_inappwebview_android.R$id: int custom
com.pichillilorenzo.flutter_inappwebview_android.webview.in_app_webview.InAppWebViewSettings: java.lang.Boolean offscreenPreRaster
com.pichillilorenzo.flutter_inappwebview_android.webview.in_app_webview.InAppWebView: com.pichillilorenzo.flutter_inappwebview_android.webview.WebViewChannelDelegate channelDelegate
com.dexterous.flutterlocalnotifications.models.styles.DefaultStyleInformation: java.lang.Boolean htmlFormatTitle
com.pichillilorenzo.flutter_inappwebview_android.plugin_scripts_js.OnWindowBlurEventJS: java.lang.String ON_WINDOW_BLUR_EVENT_JS_SOURCE
com.pichillilorenzo.flutter_inappwebview_android.InAppWebViewFlutterPlugin: com.pichillilorenzo.flutter_inappwebview_android.proxy.ProxyManager proxyManager
com.pichillilorenzo.flutter_inappwebview_android.R$style: int TextAppearance_AppCompat_Light_SearchResult_Subtitle
com.pichillilorenzo.flutter_inappwebview_android.credential_database.CredentialDatabase: com.pichillilorenzo.flutter_inappwebview_android.credential_database.URLCredentialDao credentialDao
com.pichillilorenzo.flutter_inappwebview_android.R$style: int Widget_AppCompat_CompoundButton_RadioButton
com.pichillilorenzo.flutter_inappwebview_android.R$dimen: int abc_dialog_padding_top_material
com.pichillilorenzo.flutter_inappwebview_android.R$styleable: int AppCompatTheme_dialogTheme
com.pichillilorenzo.flutter_inappwebview_android.R$attr: int tint
com.pichillilorenzo.flutter_inappwebview_android.R$styleable: int AppCompatTheme_textAppearanceLargePopupMenu
com.pichillilorenzo.flutter_inappwebview_android.R$styleable: int FontFamilyFont_android_fontVariationSettings
androidx.fragment.app.FragmentActivity: androidx.lifecycle.LifecycleRegistry mFragmentLifecycleRegistry
com.pichillilorenzo.flutter_inappwebview_android.credential_database.CredentialDatabaseHandler: com.pichillilorenzo.flutter_inappwebview_android.credential_database.CredentialDatabase credentialDatabase
com.pichillilorenzo.flutter_inappwebview_android.webview.WebViewChannelDelegateMethods: com.pichillilorenzo.flutter_inappwebview_android.webview.WebViewChannelDelegateMethods canGoForward
com.pichillilorenzo.flutter_inappwebview_android.R$id: int accessibility_custom_action_13
com.pichillilorenzo.flutter_inappwebview_android.types.MarginsExt: double bottom
com.pichillilorenzo.flutter_inappwebview_android.proxy.ProxySettings: java.util.List directs
com.pichillilorenzo.flutter_inappwebview_android.R$id: int tag_accessibility_clickable_spans
com.pichillilorenzo.flutter_inappwebview_android.types.WebResourceErrorExt: java.lang.String description
com.pichillilorenzo.flutter_inappwebview_android.R$styleable: int AppCompatTheme_textAppearanceListItemSecondary
io.flutter.embedding.engine.mutatorsstack.FlutterMutatorsStack: java.util.List mutators
com.pichillilorenzo.flutter_inappwebview_android.R$styleable: int AnimatedStateListDrawableCompat_android_dither