build/app/outputs/mapping/release/usage.txt
pk.pizzaburgerco.BuildConfig
pk.pizzaburgerco.R$anim
pk.pizzaburgerco.R$animator
pk.pizzaburgerco.R$attr
pk.pizzaburgerco.R$bool
pk.pizzaburgerco.R$color
pk.pizzaburgerco.R$dimen
pk.pizzaburgerco.R$drawable
pk.pizzaburgerco.R$id
pk.pizzaburgerco.R$integer
pk.pizzaburgerco.R$interpolator
pk.pizzaburgerco.R$layout
pk.pizzaburgerco.R$menu
pk.pizzaburgerco.R$mipmap
pk.pizzaburgerco.R$raw
pk.pizzaburgerco.R$string
pk.pizzaburgerco.R$style
pk.pizzaburgerco.R$styleable
pk.pizzaburgerco.R$xml
pk.pizzaburgerco.R
...
com.google.android.gms.common.util.SharedPreferencesUtils
com.google.android.gms.common.util.Strings:
    private void <init>()
    public static java.lang.String emptyToNull(java.lang.String)
com.google.android.gms.common.util.UidVerifier
com.google.android.gms.common.util.WorkSourceUtil:
    private void <init>()
    public static android.os.WorkSource fromPackageAndModuleExperimentalPi(android.content.Context,java.lang.String,java.lang.String)
    public static int get(android.os.WorkSource,int)
    public static java.lang.String getName(android.os.WorkSource,int)
    public static java.util.List getNames(android.os.WorkSource)
com.google.android.gms.common.util.concurrent.NumberedThreadFactory
com.google.android.gms.common.util.zzc
com.google.android.gms.common.wrappers.InstantApps:
    public void <init>()
com.google.android.gms.common.wrappers.PackageManagerWrapper:
    public int checkCallingOrSelfPermission(java.lang.String)
    public androidx.core.util.Pair getApplicationLabelAndIcon(java.lang.String)
    public boolean isCallerInstantApp()
    public final boolean zza(int,java.lang.String)
com.google.android.gms.common.zaa
com.google.android.gms.common.zab
com.google.android.gms.common.zac
com.google.android.gms.common.zza
com.google.android.gms.common.zzaa
com.google.android.gms.common.zzab
com.google.android.gms.common.zzac
com.google.android.gms.common.zzad
com.google.android.gms.common.zzae
com.google.android.gms.common.zzd
com.google.android.gms.common.zze
com.google.android.gms.common.zzn:
    private static volatile com.google.android.gms.common.internal.zzag zze
    static com.google.android.gms.common.zzx zza(java.lang.String,com.google.android.gms.common.zzj,boolean,boolean)
    static com.google.android.gms.common.zzx zzb(java.lang.String,boolean,boolean,boolean)
    static com.google.android.gms.common.zzx zzc(java.lang.String,boolean,boolean,boolean)
    static synthetic java.lang.String zzd(boolean,java.lang.String,com.google.android.gms.common.zzj)
    static boolean zzf()
    static boolean zzg()
    private static com.google.android.gms.common.zzx zzh(java.lang.String,com.google.android.gms.common.zzj,boolean,boolean)
    private static com.google.android.gms.common.zzx zzi(java.lang.String,boolean,boolean,boolean,boolean)
    private static void zzj()
com.google.android.gms.common.zzo
com.google.android.gms.common.zzp
com.google.android.gms.common.zzq
com.google.android.gms.common.zzr
com.google.android.gms.common.zzs
com.google.android.gms.common.zzt
com.google.android.gms.common.zzu
com.google.android.gms.common.zzv
com.google.android.gms.common.zzw
com.google.android.gms.common.zzx
com.google.android.gms.common.zzy
com.google.android.gms.common.zzz
com.google.android.gms.dynamic.DeferredLifecycleHelper:
    protected void handleGooglePlayUnavailable(android.widget.FrameLayout)
    public android.view.View onCreateView(android.view.LayoutInflater,android.view.ViewGroup,android.os.Bundle)
    public void onDestroyView()
    public void onInflate(android.app.Activity,android.os.Bundle,android.os.Bundle)
    public void onLowMemory()
    public void onPause()
com.google.android.gms.dynamic.FragmentWrapper
com.google.android.gms.dynamic.IFragmentWrapper$Stub
com.google.android.gms.dynamic.IFragmentWrapper
com.google.android.gms.dynamic.LifecycleDelegate:
    public abstract android.view.View onCreateView(android.view.LayoutInflater,android.view.ViewGroup,android.os.Bundle)
    public abstract void onDestroyView()
    public abstract void onInflate(android.app.Activity,android.os.Bundle,android.os.Bundle)
    public abstract void onLowMemory()
    public abstract void onPause()
com.google.android.gms.dynamic.RemoteCreator$RemoteCreatorException
com.google.android.gms.dynamic.RemoteCreator
com.google.android.gms.dynamic.SupportFragmentWrapper
com.google.android.gms.dynamic.zab
com.google.android.gms.dynamic.zad
com.google.android.gms.dynamic.zza